

Started GET "/" for 127.0.0.1 at 2012-10-26 01:31:33 -0600
Connecting to database specified by database.yml
Processing by StaticPagesController#home as HTML
  Rendered static_pages/home.haml within layouts/application (0.8ms)
Compiled application.css  (0ms)  (pid 57687)
Completed 500 Internal Server Error in 26ms

ActionView::Template::Error (require_tree argument must be a directory
  (in /Users/Chase/dev/tastebook/app/assets/javascripts/application.js:23)):
    3: <head>
    4:   <title>TastesApp</title>
    5:   <%= stylesheet_link_tag    "application", :media => "all" %>
    6:   <%= javascript_include_tag "application" %>
    7:   <%= csrf_meta_tags %>
    8: </head>
    9: <body>
  app/views/layouts/application.html.erb:6:in `_app_views_layouts_application_html_erb___2678026307780477899_70311516624240'


  Rendered /Users/Chase/.rvm/gems/ruby-1.9.3-p194/gems/actionpack-3.2.7/lib/action_dispatch/middleware/templates/rescues/_trace.erb (2.8ms)
  Rendered /Users/Chase/.rvm/gems/ruby-1.9.3-p194/gems/actionpack-3.2.7/lib/action_dispatch/middleware/templates/rescues/_request_and_response.erb (22.0ms)
  Rendered /Users/Chase/.rvm/gems/ruby-1.9.3-p194/gems/actionpack-3.2.7/lib/action_dispatch/middleware/templates/rescues/template_error.erb within rescues/layout (30.8ms)


Started GET "/" for 127.0.0.1 at 2012-10-26 01:31:45 -0600
Processing by StaticPagesController#home as HTML
  Rendered static_pages/home.haml within layouts/application (0.1ms)
Completed 500 Internal Server Error in 9ms

ActionView::Template::Error (require_tree argument must be a directory
  (in /Users/Chase/dev/tastebook/app/assets/javascripts/application.js:23)):
    3: <head>
    4:   <title>TastesApp</title>
    5:   <%= stylesheet_link_tag    "application", :media => "all" %>
    6:   <%= javascript_include_tag "application" %>
    7:   <%= csrf_meta_tags %>
    8: </head>
    9: <body>
  app/views/layouts/application.html.erb:6:in `_app_views_layouts_application_html_erb___2678026307780477899_70311516624240'


  Rendered /Users/Chase/.rvm/gems/ruby-1.9.3-p194/gems/actionpack-3.2.7/lib/action_dispatch/middleware/templates/rescues/_trace.erb (2.8ms)
  Rendered /Users/Chase/.rvm/gems/ruby-1.9.3-p194/gems/actionpack-3.2.7/lib/action_dispatch/middleware/templates/rescues/_request_and_response.erb (0.8ms)
  Rendered /Users/Chase/.rvm/gems/ruby-1.9.3-p194/gems/actionpack-3.2.7/lib/action_dispatch/middleware/templates/rescues/template_error.erb within rescues/layout (9.3ms)


Started GET "/" for 127.0.0.1 at 2012-10-26 01:35:12 -0600
Processing by StaticPagesController#home as HTML
  Rendered static_pages/home.haml within layouts/application (0.1ms)
Compiled jquery.js  (3ms)  (pid 57687)
Compiled jquery_ujs.js  (0ms)  (pid 57687)
Compiled hamlcoffee.js  (70ms)  (pid 57687)
Compiled underscore.js  (0ms)  (pid 57687)
Compiled backbone.js  (0ms)  (pid 57687)
Compiled taste_book_app.js  (1ms)  (pid 57687)
Compiled models/lunch.js  (1ms)  (pid 57687)
Compiled application.js  (163ms)  (pid 57687)
Completed 200 OK in 223ms (Views: 222.9ms | ActiveRecord: 0.0ms)


Started GET "/assets/application.css?body=1" for 127.0.0.1 at 2012-10-26 01:35:12 -0600
Served asset /application.css - 304 Not Modified (1ms)


Started GET "/assets/jquery.js?body=1" for 127.0.0.1 at 2012-10-26 01:35:12 -0600
Served asset /jquery.js - 304 Not Modified (3ms)


Started GET "/assets/application.js?body=1" for 127.0.0.1 at 2012-10-26 01:35:12 -0600
Served asset /application.js - 304 Not Modified (32ms)


Started GET "/assets/taste_book_app.js?body=1" for 127.0.0.1 at 2012-10-26 01:35:12 -0600
Served asset /taste_book_app.js - 304 Not Modified (1ms)


Started GET "/assets/models/lunch.js?body=1" for 127.0.0.1 at 2012-10-26 01:35:12 -0600
Served asset /models/lunch.js - 304 Not Modified (1ms)


Started GET "/assets/backbone.js?body=1" for 127.0.0.1 at 2012-10-26 01:35:12 -0600
Served asset /backbone.js - 304 Not Modified (2ms)


Started GET "/assets/jquery_ujs.js?body=1" for 127.0.0.1 at 2012-10-26 01:35:12 -0600
Served asset /jquery_ujs.js - 304 Not Modified (1ms)


Started GET "/assets/underscore.js?body=1" for 127.0.0.1 at 2012-10-26 01:35:12 -0600
Served asset /underscore.js - 304 Not Modified (1ms)


Started GET "/assets/hamlcoffee.js?body=1" for 127.0.0.1 at 2012-10-26 01:35:12 -0600
Served asset /hamlcoffee.js - 304 Not Modified (2ms)
